<?xml version="1.0" encoding="UTF-8"?>
<testsuite xmlns:xsi="http://www.w3.org/2001/XMLSchema-instance" xsi:noNamespaceSchemaLocation="https://maven.apache.org/surefire/maven-surefire-plugin/xsd/surefire-test-report.xsd" name="TestSuite" time="5.981" tests="0" errors="0" skipped="0" failures="0">
  <properties>
    <property name="gopherProxySet" value="false"/>
    <property name="awt.toolkit" value="sun.lwawt.macosx.LWCToolkit"/>
    <property name="java.specification.version" value="11"/>
    <property name="sun.cpu.isalist" value=""/>
    <property name="sun.jnu.encoding" value="UTF-8"/>
    <property name="java.class.path" value="/Users/ademugurlugelen/ademugurlugelen/IdeaProjects/CucumberFramework/target/test-classes:/Users/ademugurlugelen/ademugurlugelen/IdeaProjects/CucumberFramework/target/classes:/Users/ademugurlugelen/.m2/repository/org/seleniumhq/selenium/selenium-java/4.3.0/selenium-java-4.3.0.jar:/Users/ademugurlugelen/.m2/repository/org/seleniumhq/selenium/selenium-api/4.3.0/selenium-api-4.3.0.jar:/Users/ademugurlugelen/.m2/repository/org/seleniumhq/selenium/selenium-chrome-driver/4.3.0/selenium-chrome-driver-4.3.0.jar:/Users/ademugurlugelen/.m2/repository/com/google/auto/service/auto-service-annotations/1.0.1/auto-service-annotations-1.0.1.jar:/Users/ademugurlugelen/.m2/repository/com/google/auto/service/auto-service/1.0.1/auto-service-1.0.1.jar:/Users/ademugurlugelen/.m2/repository/com/google/auto/auto-common/1.2/auto-common-1.2.jar:/Users/ademugurlugelen/.m2/repository/com/google/guava/guava/31.1-jre/guava-31.1-jre.jar:/Users/ademugurlugelen/.m2/repository/com/google/guava/failureaccess/1.0.1/failureaccess-1.0.1.jar:/Users/ademugurlugelen/.m2/repository/com/google/guava/listenablefuture/9999.0-empty-to-avoid-conflict-with-guava/listenablefuture-9999.0-empty-to-avoid-conflict-with-guava.jar:/Users/ademugurlugelen/.m2/repository/org/checkerframework/checker-qual/3.12.0/checker-qual-3.12.0.jar:/Users/ademugurlugelen/.m2/repository/com/google/errorprone/error_prone_annotations/2.11.0/error_prone_annotations-2.11.0.jar:/Users/ademugurlugelen/.m2/repository/com/google/j2objc/j2objc-annotations/1.3/j2objc-annotations-1.3.jar:/Users/ademugurlugelen/.m2/repository/org/seleniumhq/selenium/selenium-chromium-driver/4.3.0/selenium-chromium-driver-4.3.0.jar:/Users/ademugurlugelen/.m2/repository/org/seleniumhq/selenium/selenium-json/4.3.0/selenium-json-4.3.0.jar:/Users/ademugurlugelen/.m2/repository/org/seleniumhq/selenium/selenium-devtools-v101/4.3.0/selenium-devtools-v101-4.3.0.jar:/Users/ademugurlugelen/.m2/repository/org/seleniumhq/selenium/selenium-devtools-v102/4.3.0/selenium-devtools-v102-4.3.0.jar:/Users/ademugurlugelen/.m2/repository/org/seleniumhq/selenium/selenium-devtools-v103/4.3.0/selenium-devtools-v103-4.3.0.jar:/Users/ademugurlugelen/.m2/repository/org/seleniumhq/selenium/selenium-devtools-v85/4.3.0/selenium-devtools-v85-4.3.0.jar:/Users/ademugurlugelen/.m2/repository/org/seleniumhq/selenium/selenium-edge-driver/4.3.0/selenium-edge-driver-4.3.0.jar:/Users/ademugurlugelen/.m2/repository/org/seleniumhq/selenium/selenium-firefox-driver/4.3.0/selenium-firefox-driver-4.3.0.jar:/Users/ademugurlugelen/.m2/repository/org/seleniumhq/selenium/selenium-ie-driver/4.3.0/selenium-ie-driver-4.3.0.jar:/Users/ademugurlugelen/.m2/repository/org/seleniumhq/selenium/selenium-opera-driver/4.3.0/selenium-opera-driver-4.3.0.jar:/Users/ademugurlugelen/.m2/repository/org/seleniumhq/selenium/selenium-remote-driver/4.3.0/selenium-remote-driver-4.3.0.jar:/Users/ademugurlugelen/.m2/repository/com/beust/jcommander/1.82/jcommander-1.82.jar:/Users/ademugurlugelen/.m2/repository/io/netty/netty-buffer/4.1.78.Final/netty-buffer-4.1.78.Final.jar:/Users/ademugurlugelen/.m2/repository/io/netty/netty-codec-http/4.1.78.Final/netty-codec-http-4.1.78.Final.jar:/Users/ademugurlugelen/.m2/repository/io/netty/netty-codec/4.1.78.Final/netty-codec-4.1.78.Final.jar:/Users/ademugurlugelen/.m2/repository/io/netty/netty-handler/4.1.78.Final/netty-handler-4.1.78.Final.jar:/Users/ademugurlugelen/.m2/repository/io/netty/netty-common/4.1.78.Final/netty-common-4.1.78.Final.jar:/Users/ademugurlugelen/.m2/repository/io/netty/netty-transport-classes-epoll/4.1.78.Final/netty-transport-classes-epoll-4.1.78.Final.jar:/Users/ademugurlugelen/.m2/repository/io/netty/netty-transport-classes-kqueue/4.1.78.Final/netty-transport-classes-kqueue-4.1.78.Final.jar:/Users/ademugurlugelen/.m2/repository/io/netty/netty-transport-native-epoll/4.1.78.Final/netty-transport-native-epoll-4.1.78.Final.jar:/Users/ademugurlugelen/.m2/repository/io/netty/netty-transport-native-kqueue/4.1.78.Final/netty-transport-native-kqueue-4.1.78.Final.jar:/Users/ademugurlugelen/.m2/repository/io/netty/netty-transport-native-unix-common/4.1.78.Final/netty-transport-native-unix-common-4.1.78.Final.jar:/Users/ademugurlugelen/.m2/repository/io/netty/netty-transport/4.1.78.Final/netty-transport-4.1.78.Final.jar:/Users/ademugurlugelen/.m2/repository/io/netty/netty-resolver/4.1.78.Final/netty-resolver-4.1.78.Final.jar:/Users/ademugurlugelen/.m2/repository/io/opentelemetry/opentelemetry-api/1.15.0/opentelemetry-api-1.15.0.jar:/Users/ademugurlugelen/.m2/repository/io/opentelemetry/opentelemetry-context/1.15.0/opentelemetry-context-1.15.0.jar:/Users/ademugurlugelen/.m2/repository/io/opentelemetry/opentelemetry-exporter-logging/1.15.0/opentelemetry-exporter-logging-1.15.0.jar:/Users/ademugurlugelen/.m2/repository/io/opentelemetry/opentelemetry-sdk-metrics/1.15.0/opentelemetry-sdk-metrics-1.15.0.jar:/Users/ademugurlugelen/.m2/repository/io/opentelemetry/opentelemetry-sdk-logs/1.15.0-alpha/opentelemetry-sdk-logs-1.15.0-alpha.jar:/Users/ademugurlugelen/.m2/repository/io/opentelemetry/opentelemetry-sdk-common/1.15.0/opentelemetry-sdk-common-1.15.0.jar:/Users/ademugurlugelen/.m2/repository/io/opentelemetry/opentelemetry-sdk-extension-autoconfigure-spi/1.15.0/opentelemetry-sdk-extension-autoconfigure-spi-1.15.0.jar:/Users/ademugurlugelen/.m2/repository/io/opentelemetry/opentelemetry-sdk-extension-autoconfigure/1.15.0-alpha/opentelemetry-sdk-extension-autoconfigure-1.15.0-alpha.jar:/Users/ademugurlugelen/.m2/repository/io/opentelemetry/opentelemetry-sdk-trace/1.15.0/opentelemetry-sdk-trace-1.15.0.jar:/Users/ademugurlugelen/.m2/repository/io/opentelemetry/opentelemetry-sdk/1.15.0/opentelemetry-sdk-1.15.0.jar:/Users/ademugurlugelen/.m2/repository/io/opentelemetry/opentelemetry-semconv/1.15.0-alpha/opentelemetry-semconv-1.15.0-alpha.jar:/Users/ademugurlugelen/.m2/repository/io/ous/jtoml/2.0.0/jtoml-2.0.0.jar:/Users/ademugurlugelen/.m2/repository/net/bytebuddy/byte-buddy/1.12.10/byte-buddy-1.12.10.jar:/Users/ademugurlugelen/.m2/repository/org/apache/commons/commons-exec/1.3/commons-exec-1.3.jar:/Users/ademugurlugelen/.m2/repository/org/asynchttpclient/async-http-client/2.12.3/async-http-client-2.12.3.jar:/Users/ademugurlugelen/.m2/repository/org/asynchttpclient/async-http-client-netty-utils/2.12.3/async-http-client-netty-utils-2.12.3.jar:/Users/ademugurlugelen/.m2/repository/io/netty/netty-codec-socks/4.1.60.Final/netty-codec-socks-4.1.60.Final.jar:/Users/ademugurlugelen/.m2/repository/io/netty/netty-handler-proxy/4.1.60.Final/netty-handler-proxy-4.1.60.Final.jar:/Users/ademugurlugelen/.m2/repository/io/netty/netty-transport-native-epoll/4.1.60.Final/netty-transport-native-epoll-4.1.60.Final-linux-x86_64.jar:/Users/ademugurlugelen/.m2/repository/io/netty/netty-transport-native-kqueue/4.1.60.Final/netty-transport-native-kqueue-4.1.60.Final-osx-x86_64.jar:/Users/ademugurlugelen/.m2/repository/com/typesafe/netty/netty-reactive-streams/2.0.4/netty-reactive-streams-2.0.4.jar:/Users/ademugurlugelen/.m2/repository/com/sun/activation/jakarta.activation/1.2.2/jakarta.activation-1.2.2.jar:/Users/ademugurlugelen/.m2/repository/org/seleniumhq/selenium/selenium-http/4.3.0/selenium-http-4.3.0.jar:/Users/ademugurlugelen/.m2/repository/dev/failsafe/failsafe/3.2.4/failsafe-3.2.4.jar:/Users/ademugurlugelen/.m2/repository/org/seleniumhq/selenium/selenium-safari-driver/4.3.0/selenium-safari-driver-4.3.0.jar:/Users/ademugurlugelen/.m2/repository/org/seleniumhq/selenium/selenium-support/4.3.0/selenium-support-4.3.0.jar:/Users/ademugurlugelen/.m2/repository/io/github/bonigarcia/webdrivermanager/5.2.1/webdrivermanager-5.2.1.jar:/Users/ademugurlugelen/.m2/repository/org/slf4j/slf4j-api/1.7.36/slf4j-api-1.7.36.jar:/Users/ademugurlugelen/.m2/repository/com/google/code/gson/gson/2.9.0/gson-2.9.0.jar:/Users/ademugurlugelen/.m2/repository/com/github/docker-java/docker-java/3.2.13/docker-java-3.2.13.jar:/Users/ademugurlugelen/.m2/repository/com/github/docker-java/docker-java-core/3.2.13/docker-java-core-3.2.13.jar:/Users/ademugurlugelen/.m2/repository/com/github/docker-java/docker-java-api/3.2.13/docker-java-api-3.2.13.jar:/Users/ademugurlugelen/.m2/repository/com/fasterxml/jackson/core/jackson-annotations/2.10.3/jackson-annotations-2.10.3.jar:/Users/ademugurlugelen/.m2/repository/org/apache/commons/commons-compress/1.21/commons-compress-1.21.jar:/Users/ademugurlugelen/.m2/repository/com/fasterxml/jackson/core/jackson-databind/2.10.3/jackson-databind-2.10.3.jar:/Users/ademugurlugelen/.m2/repository/com/fasterxml/jackson/core/jackson-core/2.10.3/jackson-core-2.10.3.jar:/Users/ademugurlugelen/.m2/repository/org/bouncycastle/bcpkix-jdk15on/1.64/bcpkix-jdk15on-1.64.jar:/Users/ademugurlugelen/.m2/repository/org/bouncycastle/bcprov-jdk15on/1.64/bcprov-jdk15on-1.64.jar:/Users/ademugurlugelen/.m2/repository/org/slf4j/jcl-over-slf4j/1.7.30/jcl-over-slf4j-1.7.30.jar:/Users/ademugurlugelen/.m2/repository/com/github/docker-java/docker-java-transport-httpclient5/3.2.13/docker-java-transport-httpclient5-3.2.13.jar:/Users/ademugurlugelen/.m2/repository/com/github/docker-java/docker-java-transport/3.2.13/docker-java-transport-3.2.13.jar:/Users/ademugurlugelen/.m2/repository/net/java/dev/jna/jna/5.8.0/jna-5.8.0.jar:/Users/ademugurlugelen/.m2/repository/org/brotli/dec/0.1.2/dec-0.1.2.jar:/Users/ademugurlugelen/.m2/repository/org/apache/commons/commons-lang3/3.12.0/commons-lang3-3.12.0.jar:/Users/ademugurlugelen/.m2/repository/org/apache/httpcomponents/client5/httpclient5/5.1.3/httpclient5-5.1.3.jar:/Users/ademugurlugelen/.m2/repository/org/apache/httpcomponents/core5/httpcore5/5.1.3/httpcore5-5.1.3.jar:/Users/ademugurlugelen/.m2/repository/org/apache/httpcomponents/core5/httpcore5-h2/5.1.3/httpcore5-h2-5.1.3.jar:/Users/ademugurlugelen/.m2/repository/commons-codec/commons-codec/1.15/commons-codec-1.15.jar:/Users/ademugurlugelen/.m2/repository/io/cucumber/cucumber-java/7.5.0/cucumber-java-7.5.0.jar:/Users/ademugurlugelen/.m2/repository/io/cucumber/cucumber-core/7.5.0/cucumber-core-7.5.0.jar:/Users/ademugurlugelen/.m2/repository/io/cucumber/cucumber-gherkin/7.5.0/cucumber-gherkin-7.5.0.jar:/Users/ademugurlugelen/.m2/repository/io/cucumber/cucumber-gherkin-messages/7.5.0/cucumber-gherkin-messages-7.5.0.jar:/Users/ademugurlugelen/.m2/repository/io/cucumber/gherkin/23.0.1/gherkin-23.0.1.jar:/Users/ademugurlugelen/.m2/repository/io/cucumber/messages/18.0.0/messages-18.0.0.jar:/Users/ademugurlugelen/.m2/repository/io/cucumber/tag-expressions/4.1.0/tag-expressions-4.1.0.jar:/Users/ademugurlugelen/.m2/repository/io/cucumber/cucumber-expressions/16.0.0/cucumber-expressions-16.0.0.jar:/Users/ademugurlugelen/.m2/repository/io/cucumber/datatable/7.5.0/datatable-7.5.0.jar:/Users/ademugurlugelen/.m2/repository/io/cucumber/cucumber-plugin/7.5.0/cucumber-plugin-7.5.0.jar:/Users/ademugurlugelen/.m2/repository/io/cucumber/docstring/7.5.0/docstring-7.5.0.jar:/Users/ademugurlugelen/.m2/repository/io/cucumber/html-formatter/19.2.0/html-formatter-19.2.0.jar:/Users/ademugurlugelen/.m2/repository/io/cucumber/ci-environment/9.1.0/ci-environment-9.1.0.jar:/Users/ademugurlugelen/.m2/repository/org/apiguardian/apiguardian-api/1.1.2/apiguardian-api-1.1.2.jar:/Users/ademugurlugelen/.m2/repository/io/cucumber/cucumber-testng/7.5.0/cucumber-testng-7.5.0.jar:/Users/ademugurlugelen/.m2/repository/org/testng/testng/7.6.1/testng-7.6.1.jar:/Users/ademugurlugelen/.m2/repository/com/google/code/findbugs/jsr305/3.0.2/jsr305-3.0.2.jar:/Users/ademugurlugelen/.m2/repository/org/webjars/jquery/3.6.0/jquery-3.6.0.jar:/Users/ademugurlugelen/.m2/repository/commons-io/commons-io/2.11.0/commons-io-2.11.0.jar:/Users/ademugurlugelen/.m2/repository/com/aventstack/extentreports/5.0.9/extentreports-5.0.9.jar:/Users/ademugurlugelen/.m2/repository/io/reactivex/rxjava3/rxjava/3.0.4/rxjava-3.0.4.jar:/Users/ademugurlugelen/.m2/repository/org/reactivestreams/reactive-streams/1.0.3/reactive-streams-1.0.3.jar:/Users/ademugurlugelen/.m2/repository/org/freemarker/freemarker/2.3.30/freemarker-2.3.30.jar:/Users/ademugurlugelen/.m2/repository/org/projectlombok/lombok/1.18.12/lombok-1.18.12.jar:/Users/ademugurlugelen/.m2/repository/tech/grasshopper/extentreports-cucumber7-adapter/1.7.0/extentreports-cucumber7-adapter-1.7.0.jar:/Users/ademugurlugelen/.m2/repository/tech/grasshopper/extent-pdf-report/2.7.0/extent-pdf-report-2.7.0.jar:/Users/ademugurlugelen/.m2/repository/tech/grasshopper/cucumber-pdf-report/2.10.0/cucumber-pdf-report-2.10.0.jar:/Users/ademugurlugelen/.m2/repository/org/apache/pdfbox/pdfbox/2.0.26/pdfbox-2.0.26.jar:/Users/ademugurlugelen/.m2/repository/org/apache/pdfbox/fontbox/2.0.26/fontbox-2.0.26.jar:/Users/ademugurlugelen/.m2/repository/org/knowm/xchart/xchart/3.8.0/xchart-3.8.0.jar:/Users/ademugurlugelen/.m2/repository/de/erichseifert/vectorgraphics2d/VectorGraphics2D/0.13/VectorGraphics2D-0.13.jar:/Users/ademugurlugelen/.m2/repository/de/rototor/pdfbox/graphics2d/0.30/graphics2d-0.30.jar:/Users/ademugurlugelen/.m2/repository/com/madgag/animated-gif-lib/1.4/animated-gif-lib-1.4.jar:/Users/ademugurlugelen/.m2/repository/org/yaml/snakeyaml/1.28/snakeyaml-1.28.jar:/Users/ademugurlugelen/.m2/repository/tech/grasshopper/table-layout/1.5.1/table-layout-1.5.1.jar:/Users/ademugurlugelen/.m2/repository/tech/grasshopper/rest-assured-cucumber-pdf-report/1.4.1/rest-assured-cucumber-pdf-report-1.4.1.jar:/Users/ademugurlugelen/.m2/repository/org/jsoup/jsoup/1.14.3/jsoup-1.14.3.jar:/Users/ademugurlugelen/.m2/repository/com/aventstack/klov-reporter/5.0.9/klov-reporter-5.0.9.jar:/Users/ademugurlugelen/.m2/repository/org/mongodb/mongodb-driver/3.6.4/mongodb-driver-3.6.4.jar:/Users/ademugurlugelen/.m2/repository/org/mongodb/mongodb-driver-core/3.6.4/mongodb-driver-core-3.6.4.jar:/Users/ademugurlugelen/.m2/repository/org/mongodb/bson/3.6.4/bson-3.6.4.jar:/Users/ademugurlugelen/.m2/repository/org/apache/httpcomponents/httpclient/4.5.13/httpclient-4.5.13.jar:/Users/ademugurlugelen/.m2/repository/org/apache/httpcomponents/httpcore/4.4.13/httpcore-4.4.13.jar:/Users/ademugurlugelen/.m2/repository/commons-logging/commons-logging/1.2/commons-logging-1.2.jar:/Users/ademugurlugelen/.m2/repository/org/apache/httpcomponents/httpmime/4.5.13/httpmime-4.5.13.jar:/Users/ademugurlugelen/.m2/repository/tech/grasshopper/htmlextentreporter/1.0.1/htmlextentreporter-1.0.1.jar:/Users/ademugurlugelen/.m2/repository/io/cucumber/cucumber-picocontainer/7.5.0/cucumber-picocontainer-7.5.0.jar:/Users/ademugurlugelen/.m2/repository/org/picocontainer/picocontainer/2.15/picocontainer-2.15.jar:"/>
    <property name="java.vm.vendor" value="Oracle Corporation"/>
    <property name="sun.arch.data.model" value="64"/>
    <property name="java.vendor.url" value="https://openjdk.java.net/"/>
    <property name="user.timezone" value=""/>
    <property name="java.vm.specification.version" value="11"/>
    <property name="os.name" value="Mac OS X"/>
    <property name="sun.java.launcher" value="SUN_STANDARD"/>
    <property name="user.country" value="TR"/>
    <property name="sun.boot.library.path" value="/Library/Java/JavaVirtualMachines/jdk-11.0.10.jdk/Contents/Home/lib"/>
    <property name="sun.java.command" value="/Users/ademugurlugelen/ademugurlugelen/IdeaProjects/CucumberFramework/target/surefire/surefirebooter8081499125772463366.jar /Users/ademugurlugelen/ademugurlugelen/IdeaProjects/CucumberFramework/target/surefire 2022-08-10T09-17-41_471-jvmRun1 surefire8109005539392090832tmp surefire_017947311821521709848tmp"/>
    <property name="jdk.debug" value="release"/>
    <property name="surefire.test.class.path" value="/Users/ademugurlugelen/ademugurlugelen/IdeaProjects/CucumberFramework/target/test-classes:/Users/ademugurlugelen/ademugurlugelen/IdeaProjects/CucumberFramework/target/classes:/Users/ademugurlugelen/.m2/repository/org/seleniumhq/selenium/selenium-java/4.3.0/selenium-java-4.3.0.jar:/Users/ademugurlugelen/.m2/repository/org/seleniumhq/selenium/selenium-api/4.3.0/selenium-api-4.3.0.jar:/Users/ademugurlugelen/.m2/repository/org/seleniumhq/selenium/selenium-chrome-driver/4.3.0/selenium-chrome-driver-4.3.0.jar:/Users/ademugurlugelen/.m2/repository/com/google/auto/service/auto-service-annotations/1.0.1/auto-service-annotations-1.0.1.jar:/Users/ademugurlugelen/.m2/repository/com/google/auto/service/auto-service/1.0.1/auto-service-1.0.1.jar:/Users/ademugurlugelen/.m2/repository/com/google/auto/auto-common/1.2/auto-common-1.2.jar:/Users/ademugurlugelen/.m2/repository/com/google/guava/guava/31.1-jre/guava-31.1-jre.jar:/Users/ademugurlugelen/.m2/repository/com/google/guava/failureaccess/1.0.1/failureaccess-1.0.1.jar:/Users/ademugurlugelen/.m2/repository/com/google/guava/listenablefuture/9999.0-empty-to-avoid-conflict-with-guava/listenablefuture-9999.0-empty-to-avoid-conflict-with-guava.jar:/Users/ademugurlugelen/.m2/repository/org/checkerframework/checker-qual/3.12.0/checker-qual-3.12.0.jar:/Users/ademugurlugelen/.m2/repository/com/google/errorprone/error_prone_annotations/2.11.0/error_prone_annotations-2.11.0.jar:/Users/ademugurlugelen/.m2/repository/com/google/j2objc/j2objc-annotations/1.3/j2objc-annotations-1.3.jar:/Users/ademugurlugelen/.m2/repository/org/seleniumhq/selenium/selenium-chromium-driver/4.3.0/selenium-chromium-driver-4.3.0.jar:/Users/ademugurlugelen/.m2/repository/org/seleniumhq/selenium/selenium-json/4.3.0/selenium-json-4.3.0.jar:/Users/ademugurlugelen/.m2/repository/org/seleniumhq/selenium/selenium-devtools-v101/4.3.0/selenium-devtools-v101-4.3.0.jar:/Users/ademugurlugelen/.m2/repository/org/seleniumhq/selenium/selenium-devtools-v102/4.3.0/selenium-devtools-v102-4.3.0.jar:/Users/ademugurlugelen/.m2/repository/org/seleniumhq/selenium/selenium-devtools-v103/4.3.0/selenium-devtools-v103-4.3.0.jar:/Users/ademugurlugelen/.m2/repository/org/seleniumhq/selenium/selenium-devtools-v85/4.3.0/selenium-devtools-v85-4.3.0.jar:/Users/ademugurlugelen/.m2/repository/org/seleniumhq/selenium/selenium-edge-driver/4.3.0/selenium-edge-driver-4.3.0.jar:/Users/ademugurlugelen/.m2/repository/org/seleniumhq/selenium/selenium-firefox-driver/4.3.0/selenium-firefox-driver-4.3.0.jar:/Users/ademugurlugelen/.m2/repository/org/seleniumhq/selenium/selenium-ie-driver/4.3.0/selenium-ie-driver-4.3.0.jar:/Users/ademugurlugelen/.m2/repository/org/seleniumhq/selenium/selenium-opera-driver/4.3.0/selenium-opera-driver-4.3.0.jar:/Users/ademugurlugelen/.m2/repository/org/seleniumhq/selenium/selenium-remote-driver/4.3.0/selenium-remote-driver-4.3.0.jar:/Users/ademugurlugelen/.m2/repository/com/beust/jcommander/1.82/jcommander-1.82.jar:/Users/ademugurlugelen/.m2/repository/io/netty/netty-buffer/4.1.78.Final/netty-buffer-4.1.78.Final.jar:/Users/ademugurlugelen/.m2/repository/io/netty/netty-codec-http/4.1.78.Final/netty-codec-http-4.1.78.Final.jar:/Users/ademugurlugelen/.m2/repository/io/netty/netty-codec/4.1.78.Final/netty-codec-4.1.78.Final.jar:/Users/ademugurlugelen/.m2/repository/io/netty/netty-handler/4.1.78.Final/netty-handler-4.1.78.Final.jar:/Users/ademugurlugelen/.m2/repository/io/netty/netty-common/4.1.78.Final/netty-common-4.1.78.Final.jar:/Users/ademugurlugelen/.m2/repository/io/netty/netty-transport-classes-epoll/4.1.78.Final/netty-transport-classes-epoll-4.1.78.Final.jar:/Users/ademugurlugelen/.m2/repository/io/netty/netty-transport-classes-kqueue/4.1.78.Final/netty-transport-classes-kqueue-4.1.78.Final.jar:/Users/ademugurlugelen/.m2/repository/io/netty/netty-transport-native-epoll/4.1.78.Final/netty-transport-native-epoll-4.1.78.Final.jar:/Users/ademugurlugelen/.m2/repository/io/netty/netty-transport-native-kqueue/4.1.78.Final/netty-transport-native-kqueue-4.1.78.Final.jar:/Users/ademugurlugelen/.m2/repository/io/netty/netty-transport-native-unix-common/4.1.78.Final/netty-transport-native-unix-common-4.1.78.Final.jar:/Users/ademugurlugelen/.m2/repository/io/netty/netty-transport/4.1.78.Final/netty-transport-4.1.78.Final.jar:/Users/ademugurlugelen/.m2/repository/io/netty/netty-resolver/4.1.78.Final/netty-resolver-4.1.78.Final.jar:/Users/ademugurlugelen/.m2/repository/io/opentelemetry/opentelemetry-api/1.15.0/opentelemetry-api-1.15.0.jar:/Users/ademugurlugelen/.m2/repository/io/opentelemetry/opentelemetry-context/1.15.0/opentelemetry-context-1.15.0.jar:/Users/ademugurlugelen/.m2/repository/io/opentelemetry/opentelemetry-exporter-logging/1.15.0/opentelemetry-exporter-logging-1.15.0.jar:/Users/ademugurlugelen/.m2/repository/io/opentelemetry/opentelemetry-sdk-metrics/1.15.0/opentelemetry-sdk-metrics-1.15.0.jar:/Users/ademugurlugelen/.m2/repository/io/opentelemetry/opentelemetry-sdk-logs/1.15.0-alpha/opentelemetry-sdk-logs-1.15.0-alpha.jar:/Users/ademugurlugelen/.m2/repository/io/opentelemetry/opentelemetry-sdk-common/1.15.0/opentelemetry-sdk-common-1.15.0.jar:/Users/ademugurlugelen/.m2/repository/io/opentelemetry/opentelemetry-sdk-extension-autoconfigure-spi/1.15.0/opentelemetry-sdk-extension-autoconfigure-spi-1.15.0.jar:/Users/ademugurlugelen/.m2/repository/io/opentelemetry/opentelemetry-sdk-extension-autoconfigure/1.15.0-alpha/opentelemetry-sdk-extension-autoconfigure-1.15.0-alpha.jar:/Users/ademugurlugelen/.m2/repository/io/opentelemetry/opentelemetry-sdk-trace/1.15.0/opentelemetry-sdk-trace-1.15.0.jar:/Users/ademugurlugelen/.m2/repository/io/opentelemetry/opentelemetry-sdk/1.15.0/opentelemetry-sdk-1.15.0.jar:/Users/ademugurlugelen/.m2/repository/io/opentelemetry/opentelemetry-semconv/1.15.0-alpha/opentelemetry-semconv-1.15.0-alpha.jar:/Users/ademugurlugelen/.m2/repository/io/ous/jtoml/2.0.0/jtoml-2.0.0.jar:/Users/ademugurlugelen/.m2/repository/net/bytebuddy/byte-buddy/1.12.10/byte-buddy-1.12.10.jar:/Users/ademugurlugelen/.m2/repository/org/apache/commons/commons-exec/1.3/commons-exec-1.3.jar:/Users/ademugurlugelen/.m2/repository/org/asynchttpclient/async-http-client/2.12.3/async-http-client-2.12.3.jar:/Users/ademugurlugelen/.m2/repository/org/asynchttpclient/async-http-client-netty-utils/2.12.3/async-http-client-netty-utils-2.12.3.jar:/Users/ademugurlugelen/.m2/repository/io/netty/netty-codec-socks/4.1.60.Final/netty-codec-socks-4.1.60.Final.jar:/Users/ademugurlugelen/.m2/repository/io/netty/netty-handler-proxy/4.1.60.Final/netty-handler-proxy-4.1.60.Final.jar:/Users/ademugurlugelen/.m2/repository/io/netty/netty-transport-native-epoll/4.1.60.Final/netty-transport-native-epoll-4.1.60.Final-linux-x86_64.jar:/Users/ademugurlugelen/.m2/repository/io/netty/netty-transport-native-kqueue/4.1.60.Final/netty-transport-native-kqueue-4.1.60.Final-osx-x86_64.jar:/Users/ademugurlugelen/.m2/repository/com/typesafe/netty/netty-reactive-streams/2.0.4/netty-reactive-streams-2.0.4.jar:/Users/ademugurlugelen/.m2/repository/com/sun/activation/jakarta.activation/1.2.2/jakarta.activation-1.2.2.jar:/Users/ademugurlugelen/.m2/repository/org/seleniumhq/selenium/selenium-http/4.3.0/selenium-http-4.3.0.jar:/Users/ademugurlugelen/.m2/repository/dev/failsafe/failsafe/3.2.4/failsafe-3.2.4.jar:/Users/ademugurlugelen/.m2/repository/org/seleniumhq/selenium/selenium-safari-driver/4.3.0/selenium-safari-driver-4.3.0.jar:/Users/ademugurlugelen/.m2/repository/org/seleniumhq/selenium/selenium-support/4.3.0/selenium-support-4.3.0.jar:/Users/ademugurlugelen/.m2/repository/io/github/bonigarcia/webdrivermanager/5.2.1/webdrivermanager-5.2.1.jar:/Users/ademugurlugelen/.m2/repository/org/slf4j/slf4j-api/1.7.36/slf4j-api-1.7.36.jar:/Users/ademugurlugelen/.m2/repository/com/google/code/gson/gson/2.9.0/gson-2.9.0.jar:/Users/ademugurlugelen/.m2/repository/com/github/docker-java/docker-java/3.2.13/docker-java-3.2.13.jar:/Users/ademugurlugelen/.m2/repository/com/github/docker-java/docker-java-core/3.2.13/docker-java-core-3.2.13.jar:/Users/ademugurlugelen/.m2/repository/com/github/docker-java/docker-java-api/3.2.13/docker-java-api-3.2.13.jar:/Users/ademugurlugelen/.m2/repository/com/fasterxml/jackson/core/jackson-annotations/2.10.3/jackson-annotations-2.10.3.jar:/Users/ademugurlugelen/.m2/repository/org/apache/commons/commons-compress/1.21/commons-compress-1.21.jar:/Users/ademugurlugelen/.m2/repository/com/fasterxml/jackson/core/jackson-databind/2.10.3/jackson-databind-2.10.3.jar:/Users/ademugurlugelen/.m2/repository/com/fasterxml/jackson/core/jackson-core/2.10.3/jackson-core-2.10.3.jar:/Users/ademugurlugelen/.m2/repository/org/bouncycastle/bcpkix-jdk15on/1.64/bcpkix-jdk15on-1.64.jar:/Users/ademugurlugelen/.m2/repository/org/bouncycastle/bcprov-jdk15on/1.64/bcprov-jdk15on-1.64.jar:/Users/ademugurlugelen/.m2/repository/org/slf4j/jcl-over-slf4j/1.7.30/jcl-over-slf4j-1.7.30.jar:/Users/ademugurlugelen/.m2/repository/com/github/docker-java/docker-java-transport-httpclient5/3.2.13/docker-java-transport-httpclient5-3.2.13.jar:/Users/ademugurlugelen/.m2/repository/com/github/docker-java/docker-java-transport/3.2.13/docker-java-transport-3.2.13.jar:/Users/ademugurlugelen/.m2/repository/net/java/dev/jna/jna/5.8.0/jna-5.8.0.jar:/Users/ademugurlugelen/.m2/repository/org/brotli/dec/0.1.2/dec-0.1.2.jar:/Users/ademugurlugelen/.m2/repository/org/apache/commons/commons-lang3/3.12.0/commons-lang3-3.12.0.jar:/Users/ademugurlugelen/.m2/repository/org/apache/httpcomponents/client5/httpclient5/5.1.3/httpclient5-5.1.3.jar:/Users/ademugurlugelen/.m2/repository/org/apache/httpcomponents/core5/httpcore5/5.1.3/httpcore5-5.1.3.jar:/Users/ademugurlugelen/.m2/repository/org/apache/httpcomponents/core5/httpcore5-h2/5.1.3/httpcore5-h2-5.1.3.jar:/Users/ademugurlugelen/.m2/repository/commons-codec/commons-codec/1.15/commons-codec-1.15.jar:/Users/ademugurlugelen/.m2/repository/io/cucumber/cucumber-java/7.5.0/cucumber-java-7.5.0.jar:/Users/ademugurlugelen/.m2/repository/io/cucumber/cucumber-core/7.5.0/cucumber-core-7.5.0.jar:/Users/ademugurlugelen/.m2/repository/io/cucumber/cucumber-gherkin/7.5.0/cucumber-gherkin-7.5.0.jar:/Users/ademugurlugelen/.m2/repository/io/cucumber/cucumber-gherkin-messages/7.5.0/cucumber-gherkin-messages-7.5.0.jar:/Users/ademugurlugelen/.m2/repository/io/cucumber/gherkin/23.0.1/gherkin-23.0.1.jar:/Users/ademugurlugelen/.m2/repository/io/cucumber/messages/18.0.0/messages-18.0.0.jar:/Users/ademugurlugelen/.m2/repository/io/cucumber/tag-expressions/4.1.0/tag-expressions-4.1.0.jar:/Users/ademugurlugelen/.m2/repository/io/cucumber/cucumber-expressions/16.0.0/cucumber-expressions-16.0.0.jar:/Users/ademugurlugelen/.m2/repository/io/cucumber/datatable/7.5.0/datatable-7.5.0.jar:/Users/ademugurlugelen/.m2/repository/io/cucumber/cucumber-plugin/7.5.0/cucumber-plugin-7.5.0.jar:/Users/ademugurlugelen/.m2/repository/io/cucumber/docstring/7.5.0/docstring-7.5.0.jar:/Users/ademugurlugelen/.m2/repository/io/cucumber/html-formatter/19.2.0/html-formatter-19.2.0.jar:/Users/ademugurlugelen/.m2/repository/io/cucumber/ci-environment/9.1.0/ci-environment-9.1.0.jar:/Users/ademugurlugelen/.m2/repository/org/apiguardian/apiguardian-api/1.1.2/apiguardian-api-1.1.2.jar:/Users/ademugurlugelen/.m2/repository/io/cucumber/cucumber-testng/7.5.0/cucumber-testng-7.5.0.jar:/Users/ademugurlugelen/.m2/repository/org/testng/testng/7.6.1/testng-7.6.1.jar:/Users/ademugurlugelen/.m2/repository/com/google/code/findbugs/jsr305/3.0.2/jsr305-3.0.2.jar:/Users/ademugurlugelen/.m2/repository/org/webjars/jquery/3.6.0/jquery-3.6.0.jar:/Users/ademugurlugelen/.m2/repository/commons-io/commons-io/2.11.0/commons-io-2.11.0.jar:/Users/ademugurlugelen/.m2/repository/com/aventstack/extentreports/5.0.9/extentreports-5.0.9.jar:/Users/ademugurlugelen/.m2/repository/io/reactivex/rxjava3/rxjava/3.0.4/rxjava-3.0.4.jar:/Users/ademugurlugelen/.m2/repository/org/reactivestreams/reactive-streams/1.0.3/reactive-streams-1.0.3.jar:/Users/ademugurlugelen/.m2/repository/org/freemarker/freemarker/2.3.30/freemarker-2.3.30.jar:/Users/ademugurlugelen/.m2/repository/org/projectlombok/lombok/1.18.12/lombok-1.18.12.jar:/Users/ademugurlugelen/.m2/repository/tech/grasshopper/extentreports-cucumber7-adapter/1.7.0/extentreports-cucumber7-adapter-1.7.0.jar:/Users/ademugurlugelen/.m2/repository/tech/grasshopper/extent-pdf-report/2.7.0/extent-pdf-report-2.7.0.jar:/Users/ademugurlugelen/.m2/repository/tech/grasshopper/cucumber-pdf-report/2.10.0/cucumber-pdf-report-2.10.0.jar:/Users/ademugurlugelen/.m2/repository/org/apache/pdfbox/pdfbox/2.0.26/pdfbox-2.0.26.jar:/Users/ademugurlugelen/.m2/repository/org/apache/pdfbox/fontbox/2.0.26/fontbox-2.0.26.jar:/Users/ademugurlugelen/.m2/repository/org/knowm/xchart/xchart/3.8.0/xchart-3.8.0.jar:/Users/ademugurlugelen/.m2/repository/de/erichseifert/vectorgraphics2d/VectorGraphics2D/0.13/VectorGraphics2D-0.13.jar:/Users/ademugurlugelen/.m2/repository/de/rototor/pdfbox/graphics2d/0.30/graphics2d-0.30.jar:/Users/ademugurlugelen/.m2/repository/com/madgag/animated-gif-lib/1.4/animated-gif-lib-1.4.jar:/Users/ademugurlugelen/.m2/repository/org/yaml/snakeyaml/1.28/snakeyaml-1.28.jar:/Users/ademugurlugelen/.m2/repository/tech/grasshopper/table-layout/1.5.1/table-layout-1.5.1.jar:/Users/ademugurlugelen/.m2/repository/tech/grasshopper/rest-assured-cucumber-pdf-report/1.4.1/rest-assured-cucumber-pdf-report-1.4.1.jar:/Users/ademugurlugelen/.m2/repository/org/jsoup/jsoup/1.14.3/jsoup-1.14.3.jar:/Users/ademugurlugelen/.m2/repository/com/aventstack/klov-reporter/5.0.9/klov-reporter-5.0.9.jar:/Users/ademugurlugelen/.m2/repository/org/mongodb/mongodb-driver/3.6.4/mongodb-driver-3.6.4.jar:/Users/ademugurlugelen/.m2/repository/org/mongodb/mongodb-driver-core/3.6.4/mongodb-driver-core-3.6.4.jar:/Users/ademugurlugelen/.m2/repository/org/mongodb/bson/3.6.4/bson-3.6.4.jar:/Users/ademugurlugelen/.m2/repository/org/apache/httpcomponents/httpclient/4.5.13/httpclient-4.5.13.jar:/Users/ademugurlugelen/.m2/repository/org/apache/httpcomponents/httpcore/4.4.13/httpcore-4.4.13.jar:/Users/ademugurlugelen/.m2/repository/commons-logging/commons-logging/1.2/commons-logging-1.2.jar:/Users/ademugurlugelen/.m2/repository/org/apache/httpcomponents/httpmime/4.5.13/httpmime-4.5.13.jar:/Users/ademugurlugelen/.m2/repository/tech/grasshopper/htmlextentreporter/1.0.1/htmlextentreporter-1.0.1.jar:/Users/ademugurlugelen/.m2/repository/io/cucumber/cucumber-picocontainer/7.5.0/cucumber-picocontainer-7.5.0.jar:/Users/ademugurlugelen/.m2/repository/org/picocontainer/picocontainer/2.15/picocontainer-2.15.jar:"/>
    <property name="sun.cpu.endian" value="little"/>
    <property name="user.home" value="/Users/ademugurlugelen"/>
    <property name="user.language" value="en"/>
    <property name="java.specification.vendor" value="Oracle Corporation"/>
    <property name="java.version.date" value="2021-01-19"/>
    <property name="java.home" value="/Library/Java/JavaVirtualMachines/jdk-11.0.10.jdk/Contents/Home"/>
    <property name="file.separator" value="/"/>
    <property name="basedir" value="/Users/ademugurlugelen/ademugurlugelen/IdeaProjects/CucumberFramework"/>
    <property name="java.vm.compressedOopsMode" value="Zero based"/>
    <property name="line.separator" value="&#10;"/>
    <property name="java.specification.name" value="Java Platform API Specification"/>
    <property name="java.vm.specification.vendor" value="Oracle Corporation"/>
    <property name="java.awt.graphicsenv" value="sun.awt.CGraphicsEnvironment"/>
    <property name="surefire.real.class.path" value="/Users/ademugurlugelen/ademugurlugelen/IdeaProjects/CucumberFramework/target/surefire/surefirebooter8081499125772463366.jar"/>
    <property name="sun.management.compiler" value="HotSpot 64-Bit Tiered Compilers"/>
    <property name="java.runtime.version" value="11.0.10+8-LTS-162"/>
    <property name="user.name" value="ademugurlugelen"/>
    <property name="path.separator" value=":"/>
    <property name="os.version" value="10.16"/>
    <property name="java.runtime.name" value="Java(TM) SE Runtime Environment"/>
    <property name="file.encoding" value="UTF-8"/>
    <property name="java.vm.name" value="Java HotSpot(TM) 64-Bit Server VM"/>
    <property name="java.vendor.version" value="18.9"/>
    <property name="localRepository" value="/Users/ademugurlugelen/.m2/repository"/>
    <property name="java.vendor.url.bug" value="https://bugreport.java.com/bugreport/"/>
    <property name="java.io.tmpdir" value="/var/folders/zd/dqnl5w616n5d07zcn3v34xxh0000gn/T/"/>
    <property name="java.version" value="11.0.10"/>
    <property name="cucumber.filter.tags" value="@wip1"/>
    <property name="user.dir" value="/Users/ademugurlugelen/ademugurlugelen/IdeaProjects/CucumberFramework"/>
    <property name="os.arch" value="x86_64"/>
    <property name="java.vm.specification.name" value="Java Virtual Machine Specification"/>
    <property name="java.awt.printerjob" value="sun.lwawt.macosx.CPrinterJob"/>
    <property name="sun.os.patch.level" value="unknown"/>
    <property name="java.library.path" value="/Users/ademugurlugelen/Library/Java/Extensions:/Library/Java/Extensions:/Network/Library/Java/Extensions:/System/Library/Java/Extensions:/usr/lib/java:."/>
    <property name="java.vendor" value="Oracle Corporation"/>
    <property name="java.vm.info" value="mixed mode"/>
    <property name="java.vm.version" value="11.0.10+8-LTS-162"/>
    <property name="sun.io.unicode.encoding" value="UnicodeBig"/>
    <property name="java.class.version" value="55.0"/>
  </properties>
</testsuite>