<?xml version="1.0" encoding="UTF-8"?>
<!-- Generated by org.testng.reporters.JUnitReportReporter -->
<testsuite hostname="Adems-MacBook-Air.local" failures="0" tests="1" name="cucumberOptions.TestNGTestRunner" time="8.552" errors="0" timestamp="2023-04-04T18:00:25 TRT" skipped="0">
  <testcase classname="cucumberOptions.TestNGTestRunner" name="runScenario" time="8.552"/>
  <system-out/>
</testsuite> <!-- cucumberOptions.TestNGTestRunner -->
