<?xml version="1.0" encoding="UTF-8"?>
<!-- Generated by org.testng.reporters.JUnitReportReporter -->
<testsuite hostname="Adems-MacBook-Air.local" failures="0" tests="2" name="cucumberOptions.TestNGTestRunner" time="74.530" errors="0" timestamp="2023-05-02T19:42:09 TRT" skipped="0">
  <testcase classname="cucumberOptions.TestNGTestRunner" name="runScenario" time="37.934"/>
  <system-out/>
  <testcase classname="cucumberOptions.TestNGTestRunner" name="runScenario" time="36.596"/>
  <system-out/>
</testsuite> <!-- cucumberOptions.TestNGTestRunner -->
