<?xml version="1.0" encoding="UTF-8"?>
<!-- Generated by org.testng.reporters.JUnitReportReporter -->
<testsuite hostname="Adems-MacBook-Air.local" failures="0" tests="2" name="cucumberOptions.TestNGTestRunner" time="10.946" errors="0" timestamp="2023-05-02T15:42:24 TRT" skipped="0">
  <testcase classname="cucumberOptions.TestNGTestRunner" name="runScenario" time="4.700"/>
  <system-out/>
  <testcase classname="cucumberOptions.TestNGTestRunner" name="runScenario" time="6.246"/>
  <system-out/>
</testsuite> <!-- cucumberOptions.TestNGTestRunner -->
