<?xml version="1.0" encoding="UTF-8"?>
<!-- Generated by org.testng.reporters.JUnitReportReporter -->
<testsuite hostname="Adems-MacBook-Air.local" failures="0" tests="1" name="cucumberOptions.TestNGTestRunner" time="51.168" errors="0" timestamp="2023-03-05T23:23:52 TRT" skipped="0">
  <testcase classname="cucumberOptions.TestNGTestRunner" name="runScenario" time="51.168"/>
  <system-out/>
</testsuite> <!-- cucumberOptions.TestNGTestRunner -->
